# JRE version: Java(TM) SE Runtime Environment (8.0_311-b11) (build 1.8.0_311-b11)
# Java VM: Java HotSpot(TM) 64-Bit Server VM (25.311-b11 mixed mode windows-amd64 compressed oops)
Heap:
 PSYoungGen      total 238080K, used 52940K [0x000000076b500000, 0x000000077ef80000, 0x00000007c0000000)
  eden space 225280K, 21% used [0x000000076b500000,0x000000076e4e3240,0x0000000779100000)
  from space 12800K, 30% used [0x0000000779100000,0x00000007794d0000,0x0000000779d80000)
  to   space 12288K, 0% used [0x000000077e380000,0x000000077e380000,0x000000077ef80000)
 ParOldGen       total 111104K, used 11513K [0x00000006c1e00000, 0x00000006c8a80000, 0x000000076b500000)
  object space 111104K, 10% used [0x00000006c1e00000,0x00000006c293e730,0x00000006c8a80000)
 Metaspace       used 30896K, capacity 31458K, committed 31488K, reserved 1075200K
  class space    used 5489K, capacity 5625K, committed 5632K, reserved 1048576K
GC Heap History (10 events):
Event: 4.504 GC heap before
{Heap before GC invocations=6 (full 1):
 PSYoungGen      total 98304K, used 93024K [0x000000076b500000, 0x0000000772200000, 0x00000007c0000000)
  eden space 90112K, 100% used [0x000000076b500000,0x0000000770d00000,0x0000000770d00000)
  from space 8192K, 35% used [0x0000000771a00000,0x0000000771cd8010,0x0000000772200000)
  to   space 10752K, 0% used [0x0000000770d00000,0x0000000770d00000,0x0000000771780000)
 ParOldGen       total 111104K, used 9092K [0x00000006c1e00000, 0x00000006c8a80000, 0x000000076b500000)
  object space 111104K, 8% used [0x00000006c1e00000,0x00000006c26e1198,0x00000006c8a80000)
 Metaspace       used 28227K, capacity 28652K, committed 28928K, reserved 1073152K
  class space    used 5142K, capacity 5254K, committed 5376K, reserved 1048576K
Event: 4.507 GC heap after
Heap after GC invocations=6 (full 1):
 PSYoungGen      total 100864K, used 2496K [0x000000076b500000, 0x0000000775a80000, 0x00000007c0000000)
  eden space 90112K, 0% used [0x000000076b500000,0x000000076b500000,0x0000000770d00000)
  from space 10752K, 23% used [0x0000000770d00000,0x0000000770f70010,0x0000000771780000)
  to   space 14848K, 0% used [0x0000000774c00000,0x0000000774c00000,0x0000000775a80000)
 ParOldGen       total 111104K, used 9092K [0x00000006c1e00000, 0x00000006c8a80000, 0x000000076b500000)
  object space 111104K, 8% used [0x00000006c1e00000,0x00000006c26e1198,0x00000006c8a80000)
 Metaspace       used 28227K, capacity 28652K, committed 28928K, reserved 1073152K
  class space    used 5142K, capacity 5254K, committed 5376K, reserved 1048576K
}
Event: 4.545 GC heap before
{Heap before GC invocations=7 (full 1):
 PSYoungGen      total 100864K, used 92608K [0x000000076b500000, 0x0000000775a80000, 0x00000007c0000000)
  eden space 90112K, 100% used [0x000000076b500000,0x0000000770d00000,0x0000000770d00000)
  from space 10752K, 23% used [0x0000000770d00000,0x0000000770f70010,0x0000000771780000)
  to   space 14848K, 0% used [0x0000000774c00000,0x0000000774c00000,0x0000000775a80000)
 ParOldGen       total 111104K, used 9092K [0x00000006c1e00000, 0x00000006c8a80000, 0x000000076b500000)
  object space 111104K, 8% used [0x00000006c1e00000,0x00000006c26e1198,0x00000006c8a80000)
 Metaspace       used 28239K, capacity 28664K, committed 28928K, reserved 1073152K
  class space    used 5143K, capacity 5256K, committed 5376K, reserved 1048576K
Event: 4.548 GC heap after
Heap after GC invocations=7 (full 1):
 PSYoungGen      total 155136K, used 2528K [0x000000076b500000, 0x0000000776500000, 0x00000007c0000000)
  eden space 140288K, 0% used [0x000000076b500000,0x000000076b500000,0x0000000773e00000)
  from space 14848K, 17% used [0x0000000774c00000,0x0000000774e78010,0x0000000775a80000)
  to   space 14336K, 0% used [0x0000000773e00000,0x0000000773e00000,0x0000000774c00000)
 ParOldGen       total 111104K, used 9092K [0x00000006c1e00000, 0x00000006c8a80000, 0x000000076b500000)
  object space 111104K, 8% used [0x00000006c1e00000,0x00000006c26e1198,0x00000006c8a80000)
 Metaspace       used 28239K, capacity 28664K, committed 28928K, reserved 1073152K
  class space    used 5143K, capacity 5256K, committed 5376K, reserved 1048576K
}
Event: 5.671 GC heap before
{Heap before GC invocations=8 (full 1):
 PSYoungGen      total 155136K, used 142816K [0x000000076b500000, 0x0000000776500000, 0x00000007c0000000)
  eden space 140288K, 100% used [0x000000076b500000,0x0000000773e00000,0x0000000773e00000)
  from space 14848K, 17% used [0x0000000774c00000,0x0000000774e78010,0x0000000775a80000)
  to   space 14336K, 0% used [0x0000000773e00000,0x0000000773e00000,0x0000000774c00000)
 ParOldGen       total 111104K, used 9092K [0x00000006c1e00000, 0x00000006c8a80000, 0x000000076b500000)
  object space 111104K, 8% used [0x00000006c1e00000,0x00000006c26e1198,0x00000006c8a80000)
 Metaspace       used 29997K, capacity 30464K, committed 30720K, reserved 1075200K
  class space    used 5462K, capacity 5572K, committed 5632K, reserved 1048576K
Event: 5.697 GC heap after
Heap after GC invocations=8 (full 1):
 PSYoungGen      total 154624K, used 5204K [0x000000076b500000, 0x000000077b400000, 0x00000007c0000000)
  eden space 140288K, 0% used [0x000000076b500000,0x000000076b500000,0x0000000773e00000)
  from space 14336K, 36% used [0x0000000773e00000,0x0000000774315270,0x0000000774c00000)
  to   space 13312K, 0% used [0x000000077a700000,0x000000077a700000,0x000000077b400000)
 ParOldGen       total 111104K, used 9100K [0x00000006c1e00000, 0x00000006c8a80000, 0x000000076b500000)
  object space 111104K, 8% used [0x00000006c1e00000,0x00000006c26e3198,0x00000006c8a80000)
 Metaspace       used 29997K, capacity 30464K, committed 30720K, reserved 1075200K
  class space    used 5462K, capacity 5572K, committed 5632K, reserved 1048576K
}
Event: 45.060 GC heap before
{Heap before GC invocations=9 (full 1):
 PSYoungGen      total 154624K, used 145492K [0x000000076b500000, 0x000000077b400000, 0x00000007c0000000)
  eden space 140288K, 100% used [0x000000076b500000,0x0000000773e00000,0x0000000773e00000)
  from space 14336K, 36% used [0x0000000773e00000,0x0000000774315270,0x0000000774c00000)
  to   space 13312K, 0% used [0x000000077a700000,0x000000077a700000,0x000000077b400000)
 ParOldGen       total 111104K, used 9100K [0x00000006c1e00000, 0x00000006c8a80000, 0x000000076b500000)
  object space 111104K, 8% used [0x00000006c1e00000,0x00000006c26e3198,0x00000006c8a80000)
 Metaspace       used 30678K, capacity 31184K, committed 31232K, reserved 1075200K
  class space    used 5486K, capacity 5622K, committed 5632K, reserved 1048576K
Event: 45.069 GC heap after
Heap after GC invocations=9 (full 1):
 PSYoungGen      total 228352K, used 2848K [0x000000076b500000, 0x000000077aa00000, 0x00000007c0000000)
  eden space 225280K, 0% used [0x000000076b500000,0x000000076b500000,0x0000000779100000)
  from space 3072K, 92% used [0x000000077a700000,0x000000077a9c8000,0x000000077aa00000)
  to   space 12800K, 0% used [0x0000000779100000,0x0000000779100000,0x0000000779d80000)
 ParOldGen       total 111104K, used 11497K [0x00000006c1e00000, 0x00000006c8a80000, 0x000000076b500000)
  object space 111104K, 10% used [0x00000006c1e00000,0x00000006c293a730,0x00000006c8a80000)
 Metaspace       used 30678K, capacity 31184K, committed 31232K, reserved 1075200K
  class space    used 5486K, capacity 5622K, committed 5632K, reserved 1048576K
}
Event: 96.454 GC heap before
{Heap before GC invocations=10 (full 1):
 PSYoungGen      total 228352K, used 228128K [0x000000076b500000, 0x000000077aa00000, 0x00000007c0000000)
  eden space 225280K, 100% used [0x000000076b500000,0x0000000779100000,0x0000000779100000)
  from space 3072K, 92% used [0x000000077a700000,0x000000077a9c8000,0x000000077aa00000)
  to   space 12800K, 0% used [0x0000000779100000,0x0000000779100000,0x0000000779d80000)
 ParOldGen       total 111104K, used 11497K [0x00000006c1e00000, 0x00000006c8a80000, 0x000000076b500000)
  object space 111104K, 10% used [0x00000006c1e00000,0x00000006c293a730,0x00000006c8a80000)
 Metaspace       used 30883K, capacity 31394K, committed 31488K, reserved 1075200K
  class space    used 5489K, capacity 5625K, committed 5632K, reserved 1048576K
Event: 96.459 GC heap after
Heap after GC invocations=10 (full 1):
 PSYoungGen      total 238080K, used 3904K [0x000000076b500000, 0x000000077ef80000, 0x00000007c0000000)
  eden space 225280K, 0% used [0x000000076b500000,0x000000076b500000,0x0000000779100000)
  from space 12800K, 30% used [0x0000000779100000,0x00000007794d0000,0x0000000779d80000)
  to   space 12288K, 0% used [0x000000077e380000,0x000000077e380000,0x000000077ef80000)
 ParOldGen       total 111104K, used 11513K [0x00000006c1e00000, 0x00000006c8a80000, 0x000000076b500000)
  object space 111104K, 10% used [0x00000006c1e00000,0x00000006c293e730,0x00000006c8a80000)
 Metaspace       used 30883K, capacity 31394K, committed 31488K, reserved 1075200K
  class space    used 5489K, capacity 5625K, committed 5632K, reserved 1048576K
}

